*************************************
Paramètres valides. Démarrage avec:
  Protocole:       quic
  Mode d'Auth:     single
  Mode Capture:    nocapture
  Profil Réseau:   unstable
  Perte %:         0
  Délai (ms):      0
  Exécutions:      50
  Signatures:      ed25519 secp384r1 secp521r1
  KEMS Niveau 1:   P-256 x25519 p256_mlkem512 x25519_mlkem512 mlkem512
  KEMS Niveau 3:   P-384 x448 p384_mlkem768 x448_mlkem768 mlkem768
  KEMS Niveau 5:   P-521 p521_mlkem1024 mlkem1024
*************************************
Exécution sur Linux

*************************************
***RÉSEAU ET VOLUME *****************
*************************************
15201454e02d40949670c5b97b037ada2bb146651b35fc8fd43ce19216935d75
✅ Réseau localNet créé.
cert
✅ Volume cert créé.
*************************************

 ==> Exécution pour SIG_ALG: ed25519

 ==> Création des certificats et clés
Creating certificates
Using default procedure for ed25519
-----
-----
Certificate request self-signature ok
subject=CN==localhost
-----
Certificate request self-signature ok
subject=CN==user
Running /opt/oqssa/bin/doCert.sh with SIG_ALG=ed25519 and certificates created


****************
  -> KEM: P-256

    Exécution du serveur Docker...
eba548d0120ed41ebc4ba9632f479a426b0b0b5f3cbbc5fa8b32ba4b5575db14
    Recherche de l'IP.. 
    IP..  172.18.0.2
   ↳ Pumba unstable (loss-gemodel pg20 pb40 h90 k20)
  -> Pumba: application des regles tc sur serveur
  ✅ Regles tc appliquees sur serveur
    Exécution du client Docker... 172.18.0.2
0abc526e3e54744737d586d920d4b3d294fca7f09112bcd40e39e487f6c91cc0
client
     Docker client executed ... 

**************************
     Exécution du test  ... 
Applying netem rules to eth0...
Showing qdisc status for the interface: eth0
qdisc netem 9dfb: root refcnt 7 limit 1000 seed 12166342238717366252
 Sent 0 bytes 0 pkt (dropped 0, overlimits 0 requeues 0) 
 backlog 0b 0p requeues 0
Running ./perftestClientTlsQuic.sh with SIG_ALG=ed25519 and KEM_ALG=P-256
Execution 1 - QUIC Single
Handshake duration: 3002.03 ms
Execution 2 - QUIC Single
Handshake duration: 1002.40 ms
Execution 3 - QUIC Single
Handshake duration: 1002.31 ms
Execution 4 - QUIC Single
Handshake duration: 2.99 ms
Execution 5 - QUIC Single
Handshake duration: 3001.03 ms
Execution 6 - QUIC Single
Handshake duration: 61.74 ms
Execution 7 - QUIC Single
Handshake duration: 3.97 ms
Execution 8 - QUIC Single
Handshake duration: NaN ms
Execution 9 - QUIC Single
Handshake duration: 3.40 ms
Execution 10 - QUIC Single
Handshake duration: 5.20 ms
Execution 11 - QUIC Single
Handshake duration: 7000.77 ms
Execution 12 - QUIC Single
Handshake duration: 1003.71 ms
Execution 13 - QUIC Single
Handshake duration: 3000.73 ms
Execution 14 - QUIC Single
Handshake duration: 4.92 ms
Execution 15 - QUIC Single
Handshake duration: 2.56 ms
Execution 16 - QUIC Single
Handshake duration: 3005.93 ms
Execution 17 - QUIC Single
Handshake duration: 3.36 ms
Execution 18 - QUIC Single
Handshake duration: 3.20 ms
Execution 19 - QUIC Single
Handshake duration: 3.78 ms
Execution 20 - QUIC Single
Handshake duration: 3.20 ms
Execution 21 - QUIC Single
Handshake duration: 6998.37 ms
Execution 22 - QUIC Single
Handshake duration: 3.52 ms
Execution 23 - QUIC Single
Handshake duration: 1003.37 ms
Execution 24 - QUIC Single
Handshake duration: 6999.49 ms
Execution 25 - QUIC Single
Handshake duration: 3.18 ms
Execution 26 - QUIC Single
Handshake duration: 3.29 ms
Execution 27 - QUIC Single
Handshake duration: 1003.73 ms
Execution 28 - QUIC Single
Handshake duration: 3003.55 ms
Execution 29 - QUIC Single
Handshake duration: 3.32 ms
Execution 30 - QUIC Single
Handshake duration: 1002.85 ms
Execution 31 - QUIC Single
Handshake duration: 3.53 ms
Execution 32 - QUIC Single
Handshake duration: 1002.71 ms
Execution 33 - QUIC Single
Handshake duration: 4.94 ms
Execution 34 - QUIC Single
Handshake duration: 3000.98 ms
Execution 35 - QUIC Single
Handshake duration: 4.04 ms
Execution 36 - QUIC Single
Handshake duration: 3003.71 ms
Execution 37 - QUIC Single
Handshake duration: 1007.83 ms
Execution 38 - QUIC Single
Handshake duration: 1008.16 ms
Execution 39 - QUIC Single
Handshake duration: 8.63 ms
Execution 40 - QUIC Single
Handshake duration: 2.96 ms
Execution 41 - QUIC Single
Handshake duration: 3.93 ms
Execution 42 - QUIC Single
Handshake duration: 5.24 ms
Execution 43 - QUIC Single
Handshake duration: 6.27 ms
Execution 44 - QUIC Single
Handshake duration: 3.01 ms
Execution 45 - QUIC Single
Handshake duration: 3.34 ms
Execution 46 - QUIC Single
Handshake duration: 3.24 ms
Execution 47 - QUIC Single
Handshake duration: 3000.84 ms
Execution 48 - QUIC Single
Handshake duration: 1003.99 ms
Execution 49 - QUIC Single
Handshake duration: 2.93 ms
Execution 50 - QUIC Single
Handshake duration: 3.79 ms
     Attente  ... 
   Arrêt du serveur et des dégradations...

****************
  -> KEM: x25519

    Exécution du serveur Docker...
serveur
client
bf2984ee5b17cec831a25d515a77790eb58ae9cb65e15909d4c53429dc941416
    Recherche de l'IP.. 
    IP..  172.18.0.2
   ↳ Pumba unstable (loss-gemodel pg20 pb40 h90 k20)
  -> Pumba: application des regles tc sur serveur
  ✅ Regles tc appliquees sur serveur
    Exécution du client Docker... 172.18.0.2
d8f8b03f472bd037e2ea49ce3aeb38ceace36cf456164ddf46bb0b7f58bfb1a2
client
     Docker client executed ... 

**************************
     Exécution du test  ... 
Applying netem rules to eth0...
Showing qdisc status for the interface: eth0
qdisc netem 9dfd: root refcnt 7 limit 1000 seed 6057778076161668232
 Sent 0 bytes 0 pkt (dropped 0, overlimits 0 requeues 0) 
 backlog 0b 0p requeues 0
Running ./perftestClientTlsQuic.sh with SIG_ALG=ed25519 and KEM_ALG=x25519
Execution 1 - QUIC Single
Handshake duration: 3.79 ms
Execution 2 - QUIC Single
Handshake duration: 3.03 ms
Execution 3 - QUIC Single
Handshake duration: 2.97 ms
Execution 4 - QUIC Single
Handshake duration: 2.83 ms
Execution 5 - QUIC Single
Handshake duration: 3.72 ms
Execution 6 - QUIC Single
Handshake duration: 3002.56 ms
Execution 7 - QUIC Single
Handshake duration: 1004.65 ms
Execution 8 - QUIC Single
Handshake duration: 1004.10 ms
Execution 9 - QUIC Single
Handshake duration: 4.12 ms
Execution 10 - QUIC Single
Handshake duration: 4.70 ms
Execution 11 - QUIC Single
Handshake duration: 1004.35 ms
Execution 12 - QUIC Single
Handshake duration: 3003.03 ms
Execution 13 - QUIC Single
Handshake duration: 4.93 ms
Execution 14 - QUIC Single
Handshake duration: 2.44 ms
Execution 15 - QUIC Single
Handshake duration: 1003.01 ms
Execution 16 - QUIC Single
Handshake duration: 3.64 ms
Execution 17 - QUIC Single
Handshake duration: 26.19 ms
Execution 18 - QUIC Single
Handshake duration: 2.62 ms
Execution 19 - QUIC Single
Handshake duration: 3002.12 ms
Execution 20 - QUIC Single
Handshake duration: 3.23 ms
Execution 21 - QUIC Single
Handshake duration: 2.34 ms
Execution 22 - QUIC Single
Handshake duration: 3.72 ms
Execution 23 - QUIC Single
Handshake duration: 3.61 ms
Execution 24 - QUIC Single
Handshake duration: 7005.32 ms
Execution 25 - QUIC Single
Handshake duration: 5.85 ms
Execution 26 - QUIC Single
Handshake duration: 3.70 ms
Execution 27 - QUIC Single
Handshake duration: 3006.86 ms
Execution 28 - QUIC Single
Handshake duration: 1002.14 ms
Execution 29 - QUIC Single
Handshake duration: 3002.24 ms
Execution 30 - QUIC Single
Handshake duration: 2.98 ms
Execution 31 - QUIC Single
Handshake duration: 3.58 ms
Execution 32 - QUIC Single
Handshake duration: 3.09 ms
Execution 33 - QUIC Single
Handshake duration: 2.66 ms
Execution 34 - QUIC Single
Handshake duration: 2.60 ms
Execution 35 - QUIC Single
Handshake duration: 1002.65 ms
Execution 36 - QUIC Single
Handshake duration: 3.14 ms
Execution 37 - QUIC Single
Handshake duration: 3001.18 ms
Execution 38 - QUIC Single
Handshake duration: 4.41 ms
Execution 39 - QUIC Single
Handshake duration: 2.90 ms
Execution 40 - QUIC Single
Handshake duration: 2.52 ms
Execution 41 - QUIC Single
Handshake duration: 1002.87 ms
Execution 42 - QUIC Single
Handshake duration: 6.02 ms
Execution 43 - QUIC Single
Handshake duration: 2.69 ms
Execution 44 - QUIC Single
Handshake duration: 2.53 ms
Execution 45 - QUIC Single
Handshake duration: 3001.47 ms
Execution 46 - QUIC Single
Handshake duration: 3000.62 ms
Execution 47 - QUIC Single
Handshake duration: 2.31 ms
Execution 48 - QUIC Single
Handshake duration: 7.33 ms
Execution 49 - QUIC Single
Handshake duration: 2.54 ms
Execution 50 - QUIC Single
Handshake duration: 3001.49 ms
     Attente  ... 
   Arrêt du serveur et des dégradations...

****************
  -> KEM: p256_mlkem512

    Exécution du serveur Docker...
serveur
client
ed5255fac14795c0042d685ab03c9cfd1220cd83146915cec99f708a8f89412a
    Recherche de l'IP.. 
    IP..  172.18.0.2
   ↳ Pumba unstable (loss-gemodel pg20 pb40 h90 k20)
  -> Pumba: application des regles tc sur serveur
  ✅ Regles tc appliquees sur serveur
    Exécution du client Docker... 172.18.0.2
8d0e8cd01773c2a54f6018b4be1424b25afd3c8242c289e3e54ec5a7388da481
client
     Docker client executed ... 

**************************
     Exécution du test  ... 
Applying netem rules to eth0...
Showing qdisc status for the interface: eth0
qdisc netem 9dff: root refcnt 7 limit 1000 seed 17440348599519336988
 Sent 0 bytes 0 pkt (dropped 0, overlimits 0 requeues 0) 
 backlog 0b 0p requeues 0
Running ./perftestClientTlsQuic.sh with SIG_ALG=ed25519 and KEM_ALG=p256_mlkem512
Execution 1 - QUIC Single
Handshake duration: 18.35 ms
Execution 2 - QUIC Single
Handshake duration: 1012.28 ms
Execution 3 - QUIC Single
Handshake duration: 11.54 ms
Execution 4 - QUIC Single
Handshake duration: 1265.57 ms
Execution 5 - QUIC Single
Handshake duration: 11.47 ms
Execution 6 - QUIC Single
Handshake duration: 3014.09 ms
Execution 7 - QUIC Single
Handshake duration: 13.55 ms
Execution 8 - QUIC Single
Handshake duration: 12.76 ms
Execution 9 - QUIC Single
Handshake duration: 1012.66 ms
Execution 10 - QUIC Single
Handshake duration: 13.40 ms
Execution 11 - QUIC Single
Handshake duration: 28.32 ms
Execution 12 - QUIC Single
Handshake duration: 21.81 ms
Execution 13 - QUIC Single
Handshake duration: 9.83 ms
Execution 14 - QUIC Single
Handshake duration: 1216.26 ms
Execution 15 - QUIC Single
Handshake duration: 18.08 ms
Execution 16 - QUIC Single
Handshake duration: 1013.66 ms
Execution 17 - QUIC Single
Handshake duration: 13.52 ms
Execution 18 - QUIC Single
Handshake duration: 12.62 ms
Execution 19 - QUIC Single
Handshake duration: 20.18 ms
Execution 20 - QUIC Single
Handshake duration: 16.21 ms
Execution 21 - QUIC Single
Handshake duration: 11.04 ms
Execution 22 - QUIC Single
Handshake duration: 11.14 ms
Execution 23 - QUIC Single
Handshake duration: 1067.41 ms
Execution 24 - QUIC Single
Handshake duration: 16.99 ms
Execution 25 - QUIC Single
Handshake duration: 13.41 ms
Execution 26 - QUIC Single
Handshake duration: 11.64 ms
Execution 27 - QUIC Single
Handshake duration: 11.08 ms
Execution 28 - QUIC Single
Handshake duration: 16.49 ms
Execution 29 - QUIC Single
Handshake duration: 10.55 ms
Execution 30 - QUIC Single
Handshake duration: 13.10 ms
Execution 31 - QUIC Single
Handshake duration: 11.81 ms
Execution 32 - QUIC Single
Handshake duration: 10.64 ms
Execution 33 - QUIC Single
Handshake duration: 1224.52 ms
Execution 34 - QUIC Single
Handshake duration: 1014.79 ms
Execution 35 - QUIC Single
Handshake duration: 15.56 ms
Execution 36 - QUIC Single
Handshake duration: 15.43 ms
Execution 37 - QUIC Single
Handshake duration: 19.85 ms
Execution 38 - QUIC Single
Handshake duration: 1079.01 ms
Execution 39 - QUIC Single
Handshake duration: 1039.49 ms
Execution 40 - QUIC Single
Handshake duration: 12.60 ms
Execution 41 - QUIC Single
Handshake duration: 11.29 ms
Execution 42 - QUIC Single
Handshake duration: 3017.12 ms
Execution 43 - QUIC Single
Handshake duration: 10.61 ms
Execution 44 - QUIC Single
Handshake duration: 12.34 ms
Execution 45 - QUIC Single
Handshake duration: 1025.26 ms
Execution 46 - QUIC Single
Handshake duration: 12.69 ms
Execution 47 - QUIC Single
Handshake duration: 12.84 ms
Execution 48 - QUIC Single
Handshake duration: 11.90 ms
Execution 49 - QUIC Single
Handshake duration: 1039.71 ms
Execution 50 - QUIC Single
Handshake duration: 12.28 ms
     Attente  ... 
   Arrêt du serveur et des dégradations...

****************
  -> KEM: x25519_mlkem512

    Exécution du serveur Docker...
serveur
client
6dcf0ffc206a1a369b868c2e014d249452fbd057895f04e328d5f17c899a69a5
    Recherche de l'IP.. 
    IP..  172.18.0.2
   ↳ Pumba unstable (loss-gemodel pg20 pb40 h90 k20)
  -> Pumba: application des regles tc sur serveur
  ✅ Regles tc appliquees sur serveur
    Exécution du client Docker... 172.18.0.2
d6ef327e5cee19ad7be2eaa64d10468acd3e3f00745afe7b771e330ece20cdb9
client
     Docker client executed ... 

**************************
     Exécution du test  ... 
Applying netem rules to eth0...
Showing qdisc status for the interface: eth0
qdisc netem 9e01: root refcnt 7 limit 1000 seed 17358539830929126802
 Sent 0 bytes 0 pkt (dropped 0, overlimits 0 requeues 0) 
 backlog 0b 0p requeues 0
Running ./perftestClientTlsQuic.sh with SIG_ALG=ed25519 and KEM_ALG=x25519_mlkem512
Execution 1 - QUIC Single
Handshake duration: 7004.20 ms
Execution 2 - QUIC Single
Handshake duration: 5.83 ms
Execution 3 - QUIC Single
Handshake duration: NaN ms
Execution 4 - QUIC Single
Handshake duration: 3006.37 ms
Execution 5 - QUIC Single
Handshake duration: 4.78 ms
Execution 6 - QUIC Single
Handshake duration: 5.42 ms
Execution 7 - QUIC Single
Handshake duration: 5.38 ms
Execution 8 - QUIC Single
Handshake duration: 8.88 ms
Execution 9 - QUIC Single
Handshake duration: 3.92 ms
Execution 10 - QUIC Single
Handshake duration: 18.00 ms
Execution 11 - QUIC Single
Handshake duration: 7.32 ms
Execution 12 - QUIC Single
Handshake duration: 3002.83 ms
Execution 13 - QUIC Single
Handshake duration: 4.89 ms
Execution 14 - QUIC Single
Handshake duration: 7.12 ms
Execution 15 - QUIC Single
Handshake duration: 5.00 ms
Execution 16 - QUIC Single
Handshake duration: 5.15 ms
Execution 17 - QUIC Single
Handshake duration: 8.81 ms
Execution 18 - QUIC Single
Handshake duration: 1096.42 ms
Execution 19 - QUIC Single
Handshake duration: 8697.01 ms
Execution 20 - QUIC Single
Handshake duration: 5.74 ms
Execution 21 - QUIC Single
Handshake duration: 1006.47 ms
Execution 22 - QUIC Single
Handshake duration: 4.26 ms
Execution 23 - QUIC Single
Handshake duration: 1235.54 ms
Execution 24 - QUIC Single
Handshake duration: 5.00 ms
Execution 25 - QUIC Single
Handshake duration: 5.24 ms
Execution 26 - QUIC Single
Handshake duration: 3099.08 ms
Execution 27 - QUIC Single
Handshake duration: 6.11 ms
Execution 28 - QUIC Single
Handshake duration: 6.69 ms
Execution 29 - QUIC Single
Handshake duration: 7.30 ms
Execution 30 - QUIC Single
Handshake duration: 1030.41 ms
Execution 31 - QUIC Single
Handshake duration: 7.69 ms
Execution 32 - QUIC Single
Handshake duration: 4.75 ms
Execution 33 - QUIC Single
Handshake duration: 5.91 ms
Execution 34 - QUIC Single
Handshake duration: 4.57 ms
Execution 35 - QUIC Single
Handshake duration: 5.12 ms
Execution 36 - QUIC Single
Handshake duration: 5.46 ms
Execution 37 - QUIC Single
Handshake duration: 5.35 ms
Execution 38 - QUIC Single
Handshake duration: 1105.62 ms
Execution 39 - QUIC Single
Handshake duration: 12.55 ms
Execution 40 - QUIC Single
Handshake duration: 4629.54 ms
Execution 41 - QUIC Single
Handshake duration: 7032.59 ms
Execution 42 - QUIC Single
Handshake duration: 1088.83 ms
Execution 43 - QUIC Single
Handshake duration: 4.51 ms
Execution 44 - QUIC Single
Handshake duration: 14.29 ms
Execution 45 - QUIC Single
Handshake duration: 3005.16 ms
Execution 46 - QUIC Single
Handshake duration: 7.10 ms
Execution 47 - QUIC Single
Handshake duration: 3006.32 ms
Execution 48 - QUIC Single
Handshake duration: 7003.61 ms
Execution 49 - QUIC Single
Handshake duration: 6.10 ms
Execution 50 - QUIC Single
Handshake duration: 4.38 ms
     Attente  ... 
   Arrêt du serveur et des dégradations...

****************
  -> KEM: mlkem512

    Exécution du serveur Docker...
serveur
client
777983c0affc62c7bdb7171ccbf08492e2465e2298c2282262ca2a9abb812822
    Recherche de l'IP.. 
    IP..  172.18.0.2
   ↳ Pumba unstable (loss-gemodel pg20 pb40 h90 k20)
  -> Pumba: application des regles tc sur serveur
  ✅ Regles tc appliquees sur serveur
    Exécution du client Docker... 172.18.0.2
f6999bc14562a2649fa09bcd19d9d15133177ba9b09895d47bfb44a918fb16d0
client
     Docker client executed ... 

**************************
     Exécution du test  ... 
Applying netem rules to eth0...
Showing qdisc status for the interface: eth0
qdisc netem 9e03: root refcnt 7 limit 1000 seed 10533236700994481570
 Sent 0 bytes 0 pkt (dropped 0, overlimits 0 requeues 0) 
 backlog 0b 0p requeues 0
Running ./perftestClientTlsQuic.sh with SIG_ALG=ed25519 and KEM_ALG=mlkem512
Execution 1 - QUIC Single
Handshake duration: 2038.97 ms
Execution 2 - QUIC Single
Handshake duration: 2.99 ms
Execution 3 - QUIC Single
Handshake duration: 3.02 ms
Execution 4 - QUIC Single
Handshake duration: 3001.68 ms
Execution 5 - QUIC Single
Handshake duration: 3.34 ms
Execution 6 - QUIC Single
Handshake duration: 3002.16 ms
Execution 7 - QUIC Single
Handshake duration: 3.55 ms
Execution 8 - QUIC Single
Handshake duration: 1528.98 ms
Execution 9 - QUIC Single
Handshake duration: 2.85 ms
Execution 10 - QUIC Single
Handshake duration: 12.49 ms
Execution 11 - QUIC Single
Handshake duration: 3.89 ms
Execution 12 - QUIC Single
Handshake duration: 3.63 ms
Execution 13 - QUIC Single
Handshake duration: 2.58 ms
Execution 14 - QUIC Single
Handshake duration: 2.96 ms
Execution 15 - QUIC Single
Handshake duration: 2.58 ms
Execution 16 - QUIC Single
Handshake duration: 1117.17 ms
Execution 17 - QUIC Single
Handshake duration: 4.12 ms
Execution 18 - QUIC Single
Handshake duration: 3005.38 ms
Execution 19 - QUIC Single
Handshake duration: 2.84 ms
Execution 20 - QUIC Single
Handshake duration: 3.23 ms
Execution 21 - QUIC Single
Handshake duration: 3.39 ms
Execution 22 - QUIC Single
Handshake duration: 2.67 ms
Execution 23 - QUIC Single
Handshake duration: NaN ms
Execution 24 - QUIC Single
Handshake duration: 5.96 ms
Execution 25 - QUIC Single
Handshake duration: 6.75 ms
Execution 26 - QUIC Single
Handshake duration: NaN ms
Execution 27 - QUIC Single
Handshake duration: 3000.83 ms
Execution 28 - QUIC Single
Handshake duration: 3002.92 ms
Execution 29 - QUIC Single
Handshake duration: 3.93 ms
Execution 30 - QUIC Single
Handshake duration: 3.85 ms
Execution 31 - QUIC Single
Handshake duration: 1007.22 ms
Execution 32 - QUIC Single
Handshake duration: 4.49 ms
Execution 33 - QUIC Single
Handshake duration: 3003.18 ms
Execution 34 - QUIC Single
Handshake duration: 3000.72 ms
Execution 35 - QUIC Single
Handshake duration: 7.01 ms
Execution 36 - QUIC Single
Handshake duration: 1062.67 ms
Execution 37 - QUIC Single
Handshake duration: 3003.08 ms
Execution 38 - QUIC Single
Handshake duration: 4.47 ms
Execution 39 - QUIC Single
Handshake duration: 2.86 ms
Execution 40 - QUIC Single
Handshake duration: 1008.99 ms
Execution 41 - QUIC Single
Handshake duration: 7004.06 ms
Execution 42 - QUIC Single
Handshake duration: 1005.20 ms
Execution 43 - QUIC Single
Handshake duration: 2.97 ms
Execution 44 - QUIC Single
Handshake duration: 3.85 ms
Execution 45 - QUIC Single
Handshake duration: 2.67 ms
Execution 46 - QUIC Single
Handshake duration: 3.24 ms
Execution 47 - QUIC Single
Handshake duration: 3.87 ms
Execution 48 - QUIC Single
Handshake duration: 7001.30 ms
Execution 49 - QUIC Single
Handshake duration: 3.67 ms
Execution 50 - QUIC Single
Handshake duration: 2.67 ms
     Attente  ... 
   Arrêt du serveur et des dégradations...

 ==> Exécution pour SIG_ALG: secp384r1

 ==> Création des certificats et clés
Creating certificates
Using ECDSA procedure for secp384r1
Certificate request self-signature ok
subject=CN=localhost
Certificate request self-signature ok
subject=CN=user
Running /opt/oqssa/bin/doCert.sh with SIG_ALG=secp384r1 and certificates created


****************
  -> KEM: P-384

    Exécution du serveur Docker...
serveur
client
f7603866ff395bdb59515baddb6e9ddfa7caf005451aecd7fb5aabc4b86a6dcd
    Recherche de l'IP.. 
    IP..  172.18.0.2
   ↳ Pumba unstable (loss-gemodel pg20 pb40 h90 k20)
  -> Pumba: application des regles tc sur serveur
  ✅ Regles tc appliquees sur serveur
    Exécution du client Docker... 172.18.0.2
b47c263cdeab1df4aea3aa808de7c076216d081d0001da2cc98526975b92ef60
client
     Docker client executed ... 

**************************
     Exécution du test  ... 
Applying netem rules to eth0...
Showing qdisc status for the interface: eth0
qdisc netem 9e05: root refcnt 7 limit 1000 seed 1465383531312201634
 Sent 0 bytes 0 pkt (dropped 0, overlimits 0 requeues 0) 
 backlog 0b 0p requeues 0
Running ./perftestClientTlsQuic.sh with SIG_ALG=secp384r1 and KEM_ALG=P-384
Execution 1 - QUIC Single
Handshake duration: 12.06 ms
Execution 2 - QUIC Single
Handshake duration: 8.73 ms
Execution 3 - QUIC Single
Handshake duration: 7.76 ms
Execution 4 - QUIC Single
Handshake duration: 1013.80 ms
Execution 5 - QUIC Single
Handshake duration: 8.21 ms
Execution 6 - QUIC Single
Handshake duration: 7004.96 ms
Execution 7 - QUIC Single
Handshake duration: 3012.13 ms
Execution 8 - QUIC Single
Handshake duration: 8.37 ms
Execution 9 - QUIC Single
Handshake duration: 15.82 ms
Execution 10 - QUIC Single
Handshake duration: 8.18 ms
Execution 11 - QUIC Single
Handshake duration: 3006.55 ms
Execution 12 - QUIC Single
Handshake duration: 10.44 ms
Execution 13 - QUIC Single
Handshake duration: 9.41 ms
Execution 14 - QUIC Single
Handshake duration: 1010.81 ms
Execution 15 - QUIC Single
Handshake duration: 10.57 ms
Execution 16 - QUIC Single
Handshake duration: 1011.41 ms
Execution 17 - QUIC Single
Handshake duration: 20.14 ms
Execution 18 - QUIC Single
Handshake duration: 11.35 ms
Execution 19 - QUIC Single
Handshake duration: 22.22 ms
Execution 20 - QUIC Single
Handshake duration: 23.89 ms
Execution 21 - QUIC Single
Handshake duration: 8.33 ms
Execution 22 - QUIC Single
Handshake duration: 1006.91 ms
Execution 23 - QUIC Single
Handshake duration: 7005.81 ms
Execution 24 - QUIC Single
Handshake duration: 7.66 ms
Execution 25 - QUIC Single
Handshake duration: 8.93 ms
Execution 26 - QUIC Single
Handshake duration: 1008.71 ms
Execution 27 - QUIC Single
Handshake duration: 1006.43 ms
Execution 28 - QUIC Single
Handshake duration: 7005.24 ms
Execution 29 - QUIC Single
Handshake duration: 1014.12 ms
Execution 30 - QUIC Single
Handshake duration: 10.90 ms
Execution 31 - QUIC Single
Handshake duration: 9.01 ms
Execution 32 - QUIC Single
Handshake duration: 1016.26 ms
Execution 33 - QUIC Single
Handshake duration: 13.59 ms
Execution 34 - QUIC Single
Handshake duration: 1022.03 ms
Execution 35 - QUIC Single
Handshake duration: 8.89 ms
Execution 36 - QUIC Single
Handshake duration: 1010.84 ms
Execution 37 - QUIC Single
Handshake duration: 10.42 ms
Execution 38 - QUIC Single
Handshake duration: 11.87 ms
Execution 39 - QUIC Single
Handshake duration: 6.45 ms
Execution 40 - QUIC Single
Handshake duration: 9.69 ms
Execution 41 - QUIC Single
Handshake duration: 1013.37 ms
Execution 42 - QUIC Single
Handshake duration: 10.34 ms
Execution 43 - QUIC Single
Handshake duration: 6.78 ms
Execution 44 - QUIC Single
Handshake duration: 8.50 ms
Execution 45 - QUIC Single
Handshake duration: 8.31 ms
Execution 46 - QUIC Single
Handshake duration: 1012.14 ms
Execution 47 - QUIC Single
Handshake duration: 8.06 ms
Execution 48 - QUIC Single
Handshake duration: 3015.97 ms
Execution 49 - QUIC Single
Handshake duration: 9.35 ms
Execution 50 - QUIC Single
Handshake duration: 7005.65 ms
     Attente  ... 
   Arrêt du serveur et des dégradations...

****************
  -> KEM: x448

    Exécution du serveur Docker...
serveur
client
6ed750a2697f239a59e1a3ecb8d9060c81a19fbfbe2dab1f3b74e893840eb5a0
    Recherche de l'IP.. 
    IP..  172.18.0.2
   ↳ Pumba unstable (loss-gemodel pg20 pb40 h90 k20)
  -> Pumba: application des regles tc sur serveur
  ✅ Regles tc appliquees sur serveur
    Exécution du client Docker... 172.18.0.2
7886da174c7169d0187cbed306c74c293ac7db3ee09d2ce5c61f831726354b91
client
     Docker client executed ... 

**************************
     Exécution du test  ... 
Applying netem rules to eth0...
Showing qdisc status for the interface: eth0
qdisc netem 9e07: root refcnt 7 limit 1000 seed 5532698432256111388
 Sent 0 bytes 0 pkt (dropped 0, overlimits 0 requeues 0) 
 backlog 0b 0p requeues 0
Running ./perftestClientTlsQuic.sh with SIG_ALG=secp384r1 and KEM_ALG=x448
Execution 1 - QUIC Single
Handshake duration: 1008.43 ms
Execution 2 - QUIC Single
Handshake duration: 6.01 ms
Execution 3 - QUIC Single
Handshake duration: 1013.32 ms
Execution 4 - QUIC Single
Handshake duration: 1005.81 ms
Execution 5 - QUIC Single
Handshake duration: 3005.97 ms
Execution 6 - QUIC Single
Handshake duration: 7.01 ms
Execution 7 - QUIC Single
Handshake duration: 6.20 ms
Execution 8 - QUIC Single
Handshake duration: 1008.63 ms
Execution 9 - QUIC Single
Handshake duration: 5.20 ms
Execution 10 - QUIC Single
Handshake duration: 1004.92 ms
Execution 11 - QUIC Single
Handshake duration: 6.60 ms
Execution 12 - QUIC Single
Handshake duration: 6.64 ms
Execution 13 - QUIC Single
Handshake duration: 7.98 ms
Execution 14 - QUIC Single
Handshake duration: 1006.11 ms
Execution 15 - QUIC Single
Handshake duration: 7.08 ms
Execution 16 - QUIC Single
Handshake duration: 5.61 ms
Execution 17 - QUIC Single
Handshake duration: 10.48 ms
Execution 18 - QUIC Single
Handshake duration: 1010.87 ms
Execution 19 - QUIC Single
Handshake duration: 12.30 ms
Execution 20 - QUIC Single
Handshake duration: 10.17 ms
Execution 21 - QUIC Single
Handshake duration: 5.51 ms
Execution 22 - QUIC Single
Handshake duration: 9.03 ms
Execution 23 - QUIC Single
Handshake duration: 7.73 ms
Execution 24 - QUIC Single
Handshake duration: 1004.94 ms
Execution 25 - QUIC Single
Handshake duration: 3005.54 ms
Execution 26 - QUIC Single
Handshake duration: 5.72 ms
Execution 27 - QUIC Single
Handshake duration: 5.07 ms
Execution 28 - QUIC Single
Handshake duration: 4.64 ms
Execution 29 - QUIC Single
Handshake duration: 5.42 ms
Execution 30 - QUIC Single
Handshake duration: 5.90 ms
Execution 31 - QUIC Single
Handshake duration: 6.28 ms
Execution 32 - QUIC Single
Handshake duration: 9.44 ms
Execution 33 - QUIC Single
Handshake duration: 7.61 ms
Execution 34 - QUIC Single
Handshake duration: 8.63 ms
Execution 35 - QUIC Single
Handshake duration: 6.47 ms
Execution 36 - QUIC Single
Handshake duration: 5.69 ms
Execution 37 - QUIC Single
Handshake duration: 6.76 ms
Execution 38 - QUIC Single
Handshake duration: 3005.50 ms
Execution 39 - QUIC Single
Handshake duration: 1006.06 ms
Execution 40 - QUIC Single
Handshake duration: 6.99 ms
Execution 41 - QUIC Single
Handshake duration: 6.62 ms
Execution 42 - QUIC Single
Handshake duration: 4.14 ms
Execution 43 - QUIC Single
Handshake duration: 3003.18 ms
Execution 44 - QUIC Single
Handshake duration: 5.65 ms
Execution 45 - QUIC Single
Handshake duration: 5.75 ms
Execution 46 - QUIC Single
Handshake duration: 7.19 ms
Execution 47 - QUIC Single
Handshake duration: 5.05 ms
Execution 48 - QUIC Single
Handshake duration: 1006.00 ms
Execution 49 - QUIC Single
Handshake duration: 3006.24 ms
Execution 50 - QUIC Single
Handshake duration: 5.05 ms
     Attente  ... 
   Arrêt du serveur et des dégradations...

****************
  -> KEM: p384_mlkem768

    Exécution du serveur Docker...
serveur
client
2c8e2ecace7bb275dc7b216d5f3173113e7fbd9a6388bd177ea1aaba5d9b8b04
    Recherche de l'IP.. 
    IP..  172.18.0.2
   ↳ Pumba unstable (loss-gemodel pg20 pb40 h90 k20)
  -> Pumba: application des regles tc sur serveur
  ✅ Regles tc appliquees sur serveur
    Exécution du client Docker... 172.18.0.2
eb6e31a9f985dc78082cc8195b6c420f5c3c77f52db0575fd6c1e46f47f71019
client
     Docker client executed ... 

**************************
     Exécution du test  ... 
Applying netem rules to eth0...
Showing qdisc status for the interface: eth0
qdisc netem 9e09: root refcnt 7 limit 1000 seed 3271484846954057315
 Sent 0 bytes 0 pkt (dropped 0, overlimits 0 requeues 0) 
 backlog 0b 0p requeues 0
Running ./perftestClientTlsQuic.sh with SIG_ALG=secp384r1 and KEM_ALG=p384_mlkem768
Execution 1 - QUIC Single
Handshake duration: 26.41 ms
Execution 2 - QUIC Single
Handshake duration: 2286.66 ms
Execution 3 - QUIC Single
Handshake duration: 1168.05 ms
Execution 4 - QUIC Single
Handshake duration: 26.38 ms
Execution 5 - QUIC Single
Handshake duration: 28.49 ms
Execution 6 - QUIC Single
Handshake duration: 7030.02 ms
Execution 7 - QUIC Single
Handshake duration: 3048.18 ms
Execution 8 - QUIC Single
Handshake duration: 17.10 ms
Execution 9 - QUIC Single
Handshake duration: 1153.75 ms
Execution 10 - QUIC Single
Handshake duration: 17.47 ms
Execution 11 - QUIC Single
Handshake duration: 1126.23 ms
Execution 12 - QUIC Single
Handshake duration: 1017.49 ms
Execution 13 - QUIC Single
Handshake duration: 16.96 ms
Execution 14 - QUIC Single
Handshake duration: 18.94 ms
Execution 15 - QUIC Single
Handshake duration: 19.62 ms
Execution 16 - QUIC Single
Handshake duration: 1045.86 ms
Execution 17 - QUIC Single
Handshake duration: 17.61 ms
Execution 18 - QUIC Single
Handshake duration: 1045.14 ms
Execution 19 - QUIC Single
Handshake duration: 16.23 ms
Execution 20 - QUIC Single
Handshake duration: NaN ms
Execution 21 - QUIC Single
Handshake duration: 50.31 ms
Execution 22 - QUIC Single
Handshake duration: 70.34 ms
Execution 23 - QUIC Single
Handshake duration: 1130.69 ms
Execution 24 - QUIC Single
Handshake duration: 1087.28 ms
Execution 25 - QUIC Single
Handshake duration: 20.05 ms
Execution 26 - QUIC Single
Handshake duration: 20.87 ms
Execution 27 - QUIC Single
Handshake duration: 1044.40 ms
Execution 28 - QUIC Single
Handshake duration: 24.04 ms
Execution 29 - QUIC Single
Handshake duration: 1079.23 ms
Execution 30 - QUIC Single
Handshake duration: 36.34 ms
Execution 31 - QUIC Single
Handshake duration: 17.83 ms
Execution 32 - QUIC Single
Handshake duration: 20.50 ms
Execution 33 - QUIC Single
Handshake duration: 19.63 ms
Execution 34 - QUIC Single
Handshake duration: 23.57 ms
Execution 35 - QUIC Single
Handshake duration: 19.59 ms
Execution 36 - QUIC Single
Handshake duration: 23.18 ms
Execution 37 - QUIC Single
Handshake duration: 1060.83 ms
Execution 38 - QUIC Single
Handshake duration: 22.19 ms
Execution 39 - QUIC Single
Handshake duration: 1140.41 ms
Execution 40 - QUIC Single
Handshake duration: 24.50 ms
Execution 41 - QUIC Single
Handshake duration: 15.78 ms
Execution 42 - QUIC Single
Handshake duration: 22.55 ms
Execution 43 - QUIC Single
Handshake duration: 3230.28 ms
Execution 44 - QUIC Single
Handshake duration: 17.57 ms
Execution 45 - QUIC Single
Handshake duration: 1051.27 ms
Execution 46 - QUIC Single
Handshake duration: 16.29 ms
Execution 47 - QUIC Single
Handshake duration: 20.71 ms
Execution 48 - QUIC Single
Handshake duration: 1051.28 ms
Execution 49 - QUIC Single
Handshake duration: 18.79 ms
Execution 50 - QUIC Single
Handshake duration: 24.23 ms
     Attente  ... 
   Arrêt du serveur et des dégradations...

****************
  -> KEM: x448_mlkem768

    Exécution du serveur Docker...
serveur
client
e14b2edd932f50b6ab996419598c13de9fc18fd8499da7ccaf5594ec273bebef
    Recherche de l'IP.. 
    IP..  172.18.0.2
   ↳ Pumba unstable (loss-gemodel pg20 pb40 h90 k20)
  -> Pumba: application des regles tc sur serveur
  ✅ Regles tc appliquees sur serveur
    Exécution du client Docker... 172.18.0.2
a0bbe1bc45c68891df83574f15144491b1fe338a4c9bd1519f4ccb3479d8e3e2
client
     Docker client executed ... 

**************************
     Exécution du test  ... 
Applying netem rules to eth0...
Showing qdisc status for the interface: eth0
qdisc netem 9e0b: root refcnt 7 limit 1000 seed 12002486664036237769
 Sent 0 bytes 0 pkt (dropped 0, overlimits 0 requeues 0) 
 backlog 0b 0p requeues 0
Running ./perftestClientTlsQuic.sh with SIG_ALG=secp384r1 and KEM_ALG=x448_mlkem768
Execution 1 - QUIC Single
Handshake duration: 14.43 ms
Execution 2 - QUIC Single
Handshake duration: 49.19 ms
Execution 3 - QUIC Single
Handshake duration: 18.07 ms
Execution 4 - QUIC Single
Handshake duration: 8.79 ms
Execution 5 - QUIC Single
Handshake duration: 3029.38 ms
Execution 6 - QUIC Single
Handshake duration: 1009.20 ms
Execution 7 - QUIC Single
Handshake duration: 10.20 ms
Execution 8 - QUIC Single
Handshake duration: 9.54 ms
Execution 9 - QUIC Single
Handshake duration: 11.15 ms
Execution 10 - QUIC Single
Handshake duration: 9.58 ms
Execution 11 - QUIC Single
Handshake duration: 8.46 ms
Execution 12 - QUIC Single
Handshake duration: 8.59 ms
Execution 13 - QUIC Single
Handshake duration: 1035.93 ms
Execution 14 - QUIC Single
Handshake duration: 1097.36 ms
Execution 15 - QUIC Single
Handshake duration: 1039.16 ms
Execution 16 - QUIC Single
Handshake duration: 7.34 ms
Execution 17 - QUIC Single
Handshake duration: 1036.13 ms
Execution 18 - QUIC Single
Handshake duration: 9.53 ms
Execution 19 - QUIC Single
Handshake duration: 9.87 ms
Execution 20 - QUIC Single
Handshake duration: 9.15 ms
Execution 21 - QUIC Single
Handshake duration: 7.97 ms
Execution 22 - QUIC Single
Handshake duration: 1031.02 ms
Execution 23 - QUIC Single
Handshake duration: 1037.52 ms
Execution 24 - QUIC Single
Handshake duration: 8.69 ms
Execution 25 - QUIC Single
Handshake duration: 9.62 ms
Execution 26 - QUIC Single
Handshake duration: 14.61 ms
Execution 27 - QUIC Single
Handshake duration: 12.30 ms
Execution 28 - QUIC Single
Handshake duration: 1033.40 ms
Execution 29 - QUIC Single
Handshake duration: 1223.61 ms
Execution 30 - QUIC Single
Handshake duration: 9.50 ms
Execution 31 - QUIC Single
Handshake duration: 1215.88 ms
Execution 32 - QUIC Single
Handshake duration: 9.57 ms
Execution 33 - QUIC Single
Handshake duration: 8.32 ms
Execution 34 - QUIC Single
Handshake duration: NaN ms
Execution 35 - QUIC Single
Handshake duration: 1006.89 ms
Execution 36 - QUIC Single
Handshake duration: 7.88 ms
Execution 37 - QUIC Single
Handshake duration: 7.79 ms
Execution 38 - QUIC Single
Handshake duration: 9.00 ms
Execution 39 - QUIC Single
Handshake duration: 1029.61 ms
Execution 40 - QUIC Single
Handshake duration: 7.85 ms
Execution 41 - QUIC Single
Handshake duration: 11.39 ms
Execution 42 - QUIC Single
Handshake duration: 9.28 ms
Execution 43 - QUIC Single
Handshake duration: 1095.49 ms
Execution 44 - QUIC Single
Handshake duration: 7.88 ms
Execution 45 - QUIC Single
Handshake duration: 1010.60 ms
Execution 46 - QUIC Single
Handshake duration: 3005.74 ms
Execution 47 - QUIC Single
Handshake duration: 9.40 ms
Execution 48 - QUIC Single
Handshake duration: 8.01 ms
Execution 49 - QUIC Single
Handshake duration: 9.27 ms
Execution 50 - QUIC Single
Handshake duration: 9.01 ms
     Attente  ... 
   Arrêt du serveur et des dégradations...

****************
  -> KEM: mlkem768

    Exécution du serveur Docker...
serveur
client
68c7461e964e814838feb56c903e7829d32dbab176f30dd30e3d6cee659388b4
    Recherche de l'IP.. 
    IP..  172.18.0.2
   ↳ Pumba unstable (loss-gemodel pg20 pb40 h90 k20)
  -> Pumba: application des regles tc sur serveur
  ✅ Regles tc appliquees sur serveur
    Exécution du client Docker... 172.18.0.2
bbf88065012105bed6ffdcedd23029db9bbaaa6d689520828d7b940d0db0abac
client
     Docker client executed ... 

**************************
     Exécution du test  ... 
Applying netem rules to eth0...
Showing qdisc status for the interface: eth0
qdisc netem 9e0d: root refcnt 7 limit 1000 seed 16011761925310498896
 Sent 0 bytes 0 pkt (dropped 0, overlimits 0 requeues 0) 
 backlog 0b 0p requeues 0
Running ./perftestClientTlsQuic.sh with SIG_ALG=secp384r1 and KEM_ALG=mlkem768
Execution 1 - QUIC Single
Handshake duration: 8.98 ms
Execution 2 - QUIC Single
Handshake duration: 5.36 ms
Execution 3 - QUIC Single
Handshake duration: 1023.49 ms
Execution 4 - QUIC Single
Handshake duration: 7.21 ms
Execution 5 - QUIC Single
Handshake duration: 5.00 ms
Execution 6 - QUIC Single
Handshake duration: 1006.46 ms
Execution 7 - QUIC Single
Handshake duration: 1005.15 ms
Execution 8 - QUIC Single
Handshake duration: 4946.29 ms
Execution 9 - QUIC Single
Handshake duration: 4.67 ms
Execution 10 - QUIC Single
Handshake duration: 1004.22 ms
Execution 11 - QUIC Single
Handshake duration: 5.00 ms
Execution 12 - QUIC Single
Handshake duration: 7002.40 ms
Execution 13 - QUIC Single
Handshake duration: 1014.86 ms
Execution 14 - QUIC Single
Handshake duration: 7.14 ms
Execution 15 - QUIC Single
Handshake duration: 8.58 ms
Execution 16 - QUIC Single
Handshake duration: 5.16 ms
Execution 17 - QUIC Single
Handshake duration: 3003.34 ms
Execution 18 - QUIC Single
Handshake duration: 7.05 ms
Execution 19 - QUIC Single
Handshake duration: 5.53 ms
Execution 20 - QUIC Single
Handshake duration: 7003.88 ms
Execution 21 - QUIC Single
Handshake duration: 5.87 ms
Execution 22 - QUIC Single
Handshake duration: 1005.32 ms
Execution 23 - QUIC Single
Handshake duration: 7002.25 ms
Execution 24 - QUIC Single
Handshake duration: 1004.73 ms
Execution 25 - QUIC Single
Handshake duration: 6.61 ms
Execution 26 - QUIC Single
Handshake duration: 1008.86 ms
Execution 27 - QUIC Single
Handshake duration: 1004.28 ms
Execution 28 - QUIC Single
Handshake duration: 1006.10 ms
Execution 29 - QUIC Single
Handshake duration: 5.04 ms
Execution 30 - QUIC Single
Handshake duration: 7.39 ms
Execution 31 - QUIC Single
Handshake duration: 4.57 ms
Execution 32 - QUIC Single
Handshake duration: 6.00 ms
Execution 33 - QUIC Single
Handshake duration: 5.80 ms
Execution 34 - QUIC Single
Handshake duration: 3004.23 ms
Execution 35 - QUIC Single
Handshake duration: 4.90 ms
Execution 36 - QUIC Single
Handshake duration: 4.46 ms
Execution 37 - QUIC Single
Handshake duration: 1006.99 ms
Execution 38 - QUIC Single
Handshake duration: 5.06 ms
Execution 39 - QUIC Single
Handshake duration: 5.70 ms
Execution 40 - QUIC Single
Handshake duration: 4.59 ms
Execution 41 - QUIC Single
Handshake duration: 1382.38 ms
Execution 42 - QUIC Single
Handshake duration: 5.14 ms
Execution 43 - QUIC Single
Handshake duration: 5.21 ms
Execution 44 - QUIC Single
Handshake duration: 4.31 ms
Execution 45 - QUIC Single
Handshake duration: 1005.44 ms
Execution 46 - QUIC Single
Handshake duration: 5.69 ms
Execution 47 - QUIC Single
Handshake duration: 1007.47 ms
Execution 48 - QUIC Single
Handshake duration: 4.33 ms
Execution 49 - QUIC Single
Handshake duration: 4.80 ms
Execution 50 - QUIC Single
Handshake duration: 10.13 ms
     Attente  ... 
   Arrêt du serveur et des dégradations...

 ==> Exécution pour SIG_ALG: secp521r1

 ==> Création des certificats et clés
Creating certificates
Using ECDSA procedure for secp521r1
Certificate request self-signature ok
subject=CN=localhost
Certificate request self-signature ok
subject=CN=user
Running /opt/oqssa/bin/doCert.sh with SIG_ALG=secp521r1 and certificates created


****************
  -> KEM: P-521

    Exécution du serveur Docker...
serveur
client
85b661408d611b67a3bd2a06a5932a4ea98e5aa6a005fb32fc03abe3d221a734
    Recherche de l'IP.. 
    IP..  172.18.0.2
   ↳ Pumba unstable (loss-gemodel pg20 pb40 h90 k20)
  -> Pumba: application des regles tc sur serveur
  ✅ Regles tc appliquees sur serveur
    Exécution du client Docker... 172.18.0.2
52fc629d5b302f84c0c4c386aa6712d27c4b324e82e789eac45336df89fc1f1f
client
     Docker client executed ... 

**************************
     Exécution du test  ... 
Applying netem rules to eth0...
Showing qdisc status for the interface: eth0
qdisc netem 9e0f: root refcnt 7 limit 1000 seed 17250290344489837384
 Sent 0 bytes 0 pkt (dropped 0, overlimits 0 requeues 0) 
 backlog 0b 0p requeues 0
Running ./perftestClientTlsQuic.sh with SIG_ALG=secp521r1 and KEM_ALG=P-521
Execution 1 - QUIC Single
Handshake duration: 10.55 ms
Execution 2 - QUIC Single
Handshake duration: 7.31 ms
Execution 3 - QUIC Single
Handshake duration: 7.98 ms
Execution 4 - QUIC Single
Handshake duration: 3005.26 ms
Execution 5 - QUIC Single
Handshake duration: 6.42 ms
Execution 6 - QUIC Single
Handshake duration: 1006.68 ms
Execution 7 - QUIC Single
Handshake duration: 8.78 ms
Execution 8 - QUIC Single
Handshake duration: 1006.73 ms
Execution 9 - QUIC Single
Handshake duration: 3005.20 ms
Execution 10 - QUIC Single
Handshake duration: 3006.69 ms
Execution 11 - QUIC Single
Handshake duration: 3007.01 ms
Execution 12 - QUIC Single
Handshake duration: 12.99 ms
Execution 13 - QUIC Single
Handshake duration: 6.53 ms
Execution 14 - QUIC Single
Handshake duration: 1014.68 ms
Execution 15 - QUIC Single
Handshake duration: 1006.80 ms
Execution 16 - QUIC Single
Handshake duration: 11.28 ms
Execution 17 - QUIC Single
Handshake duration: 1007.97 ms
Execution 18 - QUIC Single
Handshake duration: NaN ms
Execution 19 - QUIC Single
Handshake duration: 7007.09 ms
Execution 20 - QUIC Single
Handshake duration: 11.63 ms
Execution 21 - QUIC Single
Handshake duration: 1008.60 ms
Execution 22 - QUIC Single
Handshake duration: 7.56 ms
Execution 23 - QUIC Single
Handshake duration: 3005.85 ms
Execution 24 - QUIC Single
Handshake duration: 9.48 ms
Execution 25 - QUIC Single
Handshake duration: 1006.15 ms
Execution 26 - QUIC Single
Handshake duration: 7.19 ms
Execution 27 - QUIC Single
Handshake duration: 3005.97 ms
Execution 28 - QUIC Single
Handshake duration: 10.13 ms
Execution 29 - QUIC Single
Handshake duration: 8.14 ms
Execution 30 - QUIC Single
Handshake duration: 6.23 ms
Execution 31 - QUIC Single
Handshake duration: 6.66 ms
Execution 32 - QUIC Single
Handshake duration: 7.44 ms
Execution 33 - QUIC Single
Handshake duration: 14.14 ms
Execution 34 - QUIC Single
Handshake duration: 3004.35 ms
Execution 35 - QUIC Single
Handshake duration: 7.32 ms
Execution 36 - QUIC Single
Handshake duration: 6.88 ms
Execution 37 - QUIC Single
Handshake duration: 14.76 ms
Execution 38 - QUIC Single
Handshake duration: 10.47 ms
Execution 39 - QUIC Single
Handshake duration: 20.51 ms
Execution 40 - QUIC Single
Handshake duration: 11.50 ms
Execution 41 - QUIC Single
Handshake duration: 7.28 ms
Execution 42 - QUIC Single
Handshake duration: 3010.04 ms
Execution 43 - QUIC Single
Handshake duration: 11466.77 ms
Execution 44 - QUIC Single
Handshake duration: 8.45 ms
Execution 45 - QUIC Single
Handshake duration: 7.02 ms
Execution 46 - QUIC Single
Handshake duration: 6.44 ms
Execution 47 - QUIC Single
Handshake duration: 6.44 ms
Execution 48 - QUIC Single
Handshake duration: 7.32 ms
Execution 49 - QUIC Single
Handshake duration: 6.44 ms
Execution 50 - QUIC Single
Handshake duration: 6.54 ms
     Attente  ... 
   Arrêt du serveur et des dégradations...

****************
  -> KEM: p521_mlkem1024

    Exécution du serveur Docker...
serveur
client
87ea2b6c761cf38a48f9ec4a4335c12422e290c796434b0dd1a415ecd3acd7f9
    Recherche de l'IP.. 
    IP..  172.18.0.2
   ↳ Pumba unstable (loss-gemodel pg20 pb40 h90 k20)
  -> Pumba: application des regles tc sur serveur
  ✅ Regles tc appliquees sur serveur
    Exécution du client Docker... 172.18.0.2
d62e5815898441f1bba0c50da6a06ee936d466fa9661874e8956ec243942802b
client
     Docker client executed ... 

**************************
     Exécution du test  ... 
Applying netem rules to eth0...
Showing qdisc status for the interface: eth0
qdisc netem 9e11: root refcnt 7 limit 1000 seed 9690398518961432521
 Sent 0 bytes 0 pkt (dropped 0, overlimits 0 requeues 0) 
 backlog 0b 0p requeues 0
Running ./perftestClientTlsQuic.sh with SIG_ALG=secp521r1 and KEM_ALG=p521_mlkem1024
Execution 1 - QUIC Single
Handshake duration: 1275.34 ms
Execution 2 - QUIC Single
Handshake duration: 3098.49 ms
Execution 3 - QUIC Single
Handshake duration: 19.89 ms
Execution 4 - QUIC Single
Handshake duration: 1023.85 ms
Execution 5 - QUIC Single
Handshake duration: 15.46 ms
Execution 6 - QUIC Single
Handshake duration: 1212.20 ms
Execution 7 - QUIC Single
Handshake duration: 15.00 ms
Execution 8 - QUIC Single
Handshake duration: 3259.30 ms
Execution 9 - QUIC Single
Handshake duration: 73.70 ms
Execution 10 - QUIC Single
Handshake duration: 58.88 ms
Execution 11 - QUIC Single
Handshake duration: 16.61 ms
Execution 12 - QUIC Single
Handshake duration: 1042.24 ms
Execution 13 - QUIC Single
Handshake duration: 14.64 ms
Execution 14 - QUIC Single
Handshake duration: 1069.80 ms
Execution 15 - QUIC Single
Handshake duration: 1067.65 ms
Execution 16 - QUIC Single
Handshake duration: 1060.26 ms
Execution 17 - QUIC Single
Handshake duration: 19.33 ms
Execution 18 - QUIC Single
Handshake duration: 1037.64 ms
Execution 19 - QUIC Single
Handshake duration: 1154.56 ms
Execution 20 - QUIC Single
Handshake duration: 1217.85 ms
Execution 21 - QUIC Single
Handshake duration: 19.13 ms
Execution 22 - QUIC Single
Handshake duration: 14.88 ms
Execution 23 - QUIC Single
Handshake duration: 1109.30 ms
Execution 24 - QUIC Single
Handshake duration: 1041.76 ms
Execution 25 - QUIC Single
Handshake duration: 16.57 ms
Execution 26 - QUIC Single
Handshake duration: 1018.76 ms
Execution 27 - QUIC Single
Handshake duration: 43.78 ms
Execution 28 - QUIC Single
Handshake duration: 15.41 ms
Execution 29 - QUIC Single
Handshake duration: 16.91 ms
Execution 30 - QUIC Single
Handshake duration: 18.87 ms
Execution 31 - QUIC Single
Handshake duration: 3039.19 ms
Execution 32 - QUIC Single
Handshake duration: 1958.45 ms
Execution 33 - QUIC Single
Handshake duration: 23.46 ms
Execution 34 - QUIC Single
Handshake duration: 20.62 ms
Execution 35 - QUIC Single
Handshake duration: NaN ms
Execution 36 - QUIC Single
Handshake duration: 1068.79 ms
Execution 37 - QUIC Single
Handshake duration: 4037.32 ms
Execution 38 - QUIC Single
Handshake duration: 17.03 ms
Execution 39 - QUIC Single
Handshake duration: 1040.45 ms
Execution 40 - QUIC Single
Handshake duration: 3066.01 ms
Execution 41 - QUIC Single
Handshake duration: 3041.62 ms
Execution 42 - QUIC Single
Handshake duration: 18.12 ms
Execution 43 - QUIC Single
Handshake duration: 19.34 ms
Execution 44 - QUIC Single
Handshake duration: 2104.55 ms
Execution 45 - QUIC Single
Handshake duration: 3022.89 ms
Execution 46 - QUIC Single
Handshake duration: 1212.34 ms
Execution 47 - QUIC Single
Handshake duration: 16.30 ms
Execution 48 - QUIC Single
Handshake duration: 13.43 ms
Execution 49 - QUIC Single
Handshake duration: 17.89 ms
Execution 50 - QUIC Single
Handshake duration: 16.10 ms
     Attente  ... 
   Arrêt du serveur et des dégradations...

****************
  -> KEM: mlkem1024

    Exécution du serveur Docker...
serveur
client
04ad43c34cfcb20b9db72e7ba238892c671854f142386e5afd7367f073226f6f
    Recherche de l'IP.. 
    IP..  172.18.0.2
   ↳ Pumba unstable (loss-gemodel pg20 pb40 h90 k20)
  -> Pumba: application des regles tc sur serveur
  ✅ Regles tc appliquees sur serveur
    Exécution du client Docker... 172.18.0.2
a7d5dd815fa837e348297701a2c4380a998cce4bd24727e2d5e758131ddea45a
client
     Docker client executed ... 

**************************
     Exécution du test  ... 
Applying netem rules to eth0...
Showing qdisc status for the interface: eth0
qdisc netem 9e13: root refcnt 7 limit 1000 seed 3775172141607312335
 Sent 0 bytes 0 pkt (dropped 0, overlimits 0 requeues 0) 
 backlog 0b 0p requeues 0
Running ./perftestClientTlsQuic.sh with SIG_ALG=secp521r1 and KEM_ALG=mlkem1024
Execution 1 - QUIC Single
Handshake duration: 6.35 ms
Execution 2 - QUIC Single
Handshake duration: 1018.54 ms
Execution 3 - QUIC Single
Handshake duration: 6.71 ms
Execution 4 - QUIC Single
Handshake duration: 1012.62 ms
Execution 5 - QUIC Single
Handshake duration: 3002.22 ms
Execution 6 - QUIC Single
Handshake duration: 7001.57 ms
Execution 7 - QUIC Single
Handshake duration: 1105.14 ms
Execution 8 - QUIC Single
Handshake duration: 7.49 ms
Execution 9 - QUIC Single
Handshake duration: 1012.26 ms
Execution 10 - QUIC Single
Handshake duration: 4.61 ms
Execution 11 - QUIC Single
Handshake duration: 7.07 ms
Execution 12 - QUIC Single
Handshake duration: 4.46 ms
Execution 13 - QUIC Single
Handshake duration: 5.07 ms
Execution 14 - QUIC Single
Handshake duration: 3034.06 ms
Execution 15 - QUIC Single
Handshake duration: 1208.02 ms
Execution 16 - QUIC Single
Handshake duration: 3.75 ms
Execution 17 - QUIC Single
Handshake duration: 1012.17 ms
Execution 18 - QUIC Single
Handshake duration: 4.65 ms
Execution 19 - QUIC Single
Handshake duration: 5.41 ms
Execution 20 - QUIC Single
Handshake duration: 3005.26 ms
Execution 21 - QUIC Single
Handshake duration: 5.84 ms
Execution 22 - QUIC Single
Handshake duration: 5.02 ms
Execution 23 - QUIC Single
Handshake duration: 3003.79 ms
Execution 24 - QUIC Single
Handshake duration: 4.52 ms
Execution 25 - QUIC Single
Handshake duration: 5.65 ms
Execution 26 - QUIC Single
Handshake duration: 4.59 ms
Execution 27 - QUIC Single
Handshake duration: 3.86 ms
Execution 28 - QUIC Single
Handshake duration: 4.26 ms
Execution 29 - QUIC Single
Handshake duration: 6.24 ms
Execution 30 - QUIC Single
Handshake duration: 1034.36 ms
Execution 31 - QUIC Single
Handshake duration: 4.36 ms
Execution 32 - QUIC Single
Handshake duration: 1012.51 ms
Execution 33 - QUIC Single
Handshake duration: 4.75 ms
Execution 34 - QUIC Single
Handshake duration: 4.20 ms
Execution 35 - QUIC Single
Handshake duration: 3006.20 ms
Execution 36 - QUIC Single
Handshake duration: 6.69 ms
Execution 37 - QUIC Single
Handshake duration: 4.49 ms
Execution 38 - QUIC Single
Handshake duration: 4.53 ms
Execution 39 - QUIC Single
Handshake duration: 4.99 ms
Execution 40 - QUIC Single
Handshake duration: 1067.72 ms
Execution 41 - QUIC Single
Handshake duration: 4.46 ms
Execution 42 - QUIC Single
Handshake duration: 1523.52 ms
Execution 43 - QUIC Single
Handshake duration: 3004.91 ms
Execution 44 - QUIC Single
Handshake duration: 4.87 ms
Execution 45 - QUIC Single
Handshake duration: 1017.29 ms
Execution 46 - QUIC Single
Handshake duration: 5.40 ms
Execution 47 - QUIC Single
Handshake duration: NaN ms
Execution 48 - QUIC Single
Handshake duration: 4.71 ms
Execution 49 - QUIC Single
Handshake duration: 1043.33 ms
Execution 50 - QUIC Single
Handshake duration: 6.49 ms
     Attente  ... 
   Arrêt du serveur et des dégradations...
**************************
     Exécution du test  ... 
Error response from daemon: container a7d5dd815fa837e348297701a2c4380a998cce4bd24727e2d5e758131ddea45a is not running
