*************************************
Paramètres valides. Démarrage avec:
  Protocole:       tls
  Mode d'Auth:     single
  Mode Capture:    nocapture
  Profil Réseau:   simple
  Perte %:         2
  Délai (ms):      35
  Exécutions:      50
  Signatures:      ed25519 secp384r1 secp521r1
  KEMS Niveau 1:   P-256 x25519 p256_mlkem512 x25519_mlkem512 mlkem512
  KEMS Niveau 3:   P-384 x448 p384_mlkem768 x448_mlkem768 mlkem768
  KEMS Niveau 5:   P-521 p521_mlkem1024 mlkem1024
*************************************
Exécution sur Linux

*************************************
***RÉSEAU ET VOLUME *****************
*************************************
b01a94f4b0d6f8894e3c22bf21a1a2e57818955ec6c6f01be9f1722e895d5c79
✅ Réseau localNet créé.
cert
✅ Volume cert créé.
*************************************

 ==> Exécution pour SIG_ALG: ed25519

 ==> Création des certificats et clés
Creating certificates
Using default procedure for ed25519
-----
-----
Certificate request self-signature ok
subject=CN==localhost
-----
Certificate request self-signature ok
subject=CN==user
Running /opt/oqssa/bin/doCert.sh with SIG_ALG=ed25519 and certificates created


****************
  -> KEM: P-256

    Exécution du serveur Docker...
81fcb10fd33396663493a83ae4939d560a1611ec0ac6d23498650cbfe045e900
    Recherche de l'IP.. 
    IP..  172.18.0.2
   ↳ tc serveur: delay=35ms loss=2%
    Exécution du client Docker... 172.18.0.2
de354447bc753d2874db2533f1cd9c2f613e48a7e87fb02fbdf3f03c17456bc7
client
     Docker client executed ... 
   ↳ Pumba client: delay=35ms loss=2%

**************************
     Exécution du test  ... 
  -> Pumba: application des regles tc sur loss
  ⚠ Erreur lors de l'application des regles tc sur loss
  ✅ Regles tc appliquees sur loss
  -> Pumba: application des regles tc sur client
Checking netem rules on eth0...
qdisc noqueue 0: root refcnt 2 
 Sent 0 bytes 0 pkt (dropped 0, overlimits 0 requeues 0) 
 backlog 0b 0p requeues 0
Running ./perftestClientTlsQuic.sh with SIG_ALG=ed25519 and KEM_ALG=P-256
Execution 1 - TLS Single
Handshake duration: 109.69 ms
Execution 2 - TLS Single
  ✅ Regles tc appliquees sur client
Handshake duration: 386.01 ms
Execution 3 - TLS Single
Handshake duration: 143.90 ms
Execution 4 - TLS Single
Handshake duration: 144.47 ms
Execution 5 - TLS Single
Handshake duration: 145.15 ms
Execution 6 - TLS Single
Handshake duration: 145.22 ms
Execution 7 - TLS Single
Handshake duration: 147.33 ms
Execution 8 - TLS Single
Handshake duration: 146.52 ms
Execution 9 - TLS Single
Handshake duration: 144.27 ms
Execution 10 - TLS Single
Handshake duration: 144.44 ms
Execution 11 - TLS Single
Handshake duration: 143.48 ms
Execution 12 - TLS Single
Handshake duration: 144.00 ms
Execution 13 - TLS Single
Handshake duration: 144.85 ms
Execution 14 - TLS Single
Handshake duration: 143.77 ms
Execution 15 - TLS Single
Handshake duration: 143.69 ms
Execution 16 - TLS Single
Handshake duration: 146.41 ms
Execution 17 - TLS Single
Handshake duration: 145.43 ms
Execution 18 - TLS Single
Handshake duration: 143.66 ms
Execution 19 - TLS Single
Handshake duration: 145.31 ms
Execution 20 - TLS Single
Handshake duration: 148.24 ms
Execution 21 - TLS Single
Handshake duration: 147.20 ms
Execution 22 - TLS Single
Handshake duration: 146.99 ms
Execution 23 - TLS Single
Handshake duration: 424.37 ms
Execution 24 - TLS Single
Handshake duration: 143.26 ms
Execution 25 - TLS Single
Handshake duration: 143.50 ms
Execution 26 - TLS Single
Handshake duration: 144.34 ms
Execution 27 - TLS Single
Handshake duration: 147.95 ms
Execution 28 - TLS Single
Handshake duration: 145.45 ms
Execution 29 - TLS Single
Handshake duration: 144.22 ms
Execution 30 - TLS Single
Handshake duration: 147.05 ms
Execution 31 - TLS Single
Handshake duration: 143.59 ms
Execution 32 - TLS Single
Handshake duration: 143.46 ms
Execution 33 - TLS Single
Handshake duration: 143.61 ms
Execution 34 - TLS Single
Handshake duration: 144.49 ms
Execution 35 - TLS Single
Handshake duration: 143.73 ms
Execution 36 - TLS Single
Handshake duration: 145.47 ms
Execution 37 - TLS Single
Handshake duration: 1171.29 ms
Execution 38 - TLS Single
Handshake duration: 143.51 ms
Execution 39 - TLS Single
Handshake duration: 143.53 ms
Execution 40 - TLS Single
Handshake duration: 143.44 ms
Execution 41 - TLS Single
Handshake duration: 151.65 ms
Execution 42 - TLS Single
Handshake duration: 143.27 ms
Execution 43 - TLS Single
Handshake duration: 143.50 ms
Execution 44 - TLS Single
Handshake duration: 143.48 ms
Execution 45 - TLS Single
Handshake duration: 144.06 ms
Execution 46 - TLS Single
Handshake duration: 143.68 ms
Execution 47 - TLS Single
Handshake duration: 145.11 ms
Execution 48 - TLS Single
Handshake duration: 143.20 ms
Execution 49 - TLS Single
Handshake duration: 144.47 ms
Execution 50 - TLS Single
Handshake duration: 144.10 ms
     Attente  ... 
   Arrêt du serveur et des dégradations...

****************
  -> KEM: x25519

    Exécution du serveur Docker...
serveur
client
f6539f821e860c6a161041a5abffce00f297c51629cb654ff2fb47d3728162fa
    Recherche de l'IP.. 
    IP..  172.18.0.2
   ↳ tc serveur: delay=35ms loss=2%
    Exécution du client Docker... 172.18.0.2
55e1306b231f707b991ea383943d243ddffb43f742232875ded51e71757d4d9c
client
     Docker client executed ... 
   ↳ Pumba client: delay=35ms loss=2%

**************************
     Exécution du test  ... 
  -> Pumba: application des regles tc sur loss
  ⚠ Erreur lors de l'application des regles tc sur loss
  ✅ Regles tc appliquees sur loss
  -> Pumba: application des regles tc sur client
Checking netem rules on eth0...
qdisc noqueue 0: root refcnt 2 
 Sent 0 bytes 0 pkt (dropped 0, overlimits 0 requeues 0) 
 backlog 0b 0p requeues 0
Running ./perftestClientTlsQuic.sh with SIG_ALG=ed25519 and KEM_ALG=x25519
Execution 1 - TLS Single
Handshake duration: 109.30 ms
Execution 2 - TLS Single
  ✅ Regles tc appliquees sur client
Handshake duration: 73.15 ms
Execution 3 - TLS Single
Handshake duration: 143.18 ms
Execution 4 - TLS Single
Handshake duration: 143.42 ms
Execution 5 - TLS Single
Handshake duration: 143.97 ms
Execution 6 - TLS Single
Handshake duration: 144.76 ms
Execution 7 - TLS Single
Handshake duration: 144.83 ms
Execution 8 - TLS Single
Handshake duration: 143.22 ms
Execution 9 - TLS Single
Handshake duration: 143.27 ms
Execution 10 - TLS Single
Handshake duration: 149.32 ms
Execution 11 - TLS Single
Handshake duration: 144.50 ms
Execution 12 - TLS Single
Handshake duration: 144.31 ms
Execution 13 - TLS Single
Handshake duration: 146.03 ms
Execution 14 - TLS Single
Handshake duration: 144.78 ms
Execution 15 - TLS Single
Handshake duration: 143.26 ms
Execution 16 - TLS Single
Handshake duration: 143.90 ms
Execution 17 - TLS Single
Handshake duration: 146.24 ms
Execution 18 - TLS Single
Handshake duration: 144.00 ms
Execution 19 - TLS Single
Handshake duration: 144.63 ms
Execution 20 - TLS Single
Handshake duration: 147.03 ms
Execution 21 - TLS Single
Handshake duration: 145.09 ms
Execution 22 - TLS Single
Handshake duration: 148.24 ms
Execution 23 - TLS Single
Handshake duration: 145.17 ms
Execution 24 - TLS Single
Handshake duration: 148.02 ms
Execution 25 - TLS Single
Handshake duration: 149.21 ms
Execution 26 - TLS Single
Handshake duration: 147.52 ms
Execution 27 - TLS Single
Handshake duration: 145.62 ms
Execution 28 - TLS Single
Handshake duration: 144.04 ms
Execution 29 - TLS Single
Handshake duration: 143.25 ms
Execution 30 - TLS Single
Handshake duration: 144.81 ms
Execution 31 - TLS Single
Handshake duration: 144.23 ms
Execution 32 - TLS Single
Handshake duration: 143.81 ms
Execution 33 - TLS Single
Handshake duration: 144.15 ms
Execution 34 - TLS Single
Handshake duration: 143.17 ms
Execution 35 - TLS Single
Handshake duration: 143.74 ms
Execution 36 - TLS Single
Handshake duration: 143.05 ms
Execution 37 - TLS Single
Handshake duration: 143.52 ms
Execution 38 - TLS Single
Handshake duration: 143.44 ms
Execution 39 - TLS Single
Handshake duration: 147.38 ms
Execution 40 - TLS Single
Handshake duration: 143.39 ms
Execution 41 - TLS Single
Handshake duration: 1171.71 ms
Execution 42 - TLS Single
Handshake duration: 146.44 ms
Execution 43 - TLS Single
Handshake duration: 143.30 ms
Execution 44 - TLS Single
Handshake duration: 143.71 ms
Execution 45 - TLS Single
Handshake duration: 143.15 ms
Execution 46 - TLS Single
Handshake duration: 146.60 ms
Execution 47 - TLS Single
Handshake duration: 145.75 ms
Execution 48 - TLS Single
Handshake duration: 144.51 ms
Execution 49 - TLS Single
Handshake duration: 143.03 ms
Execution 50 - TLS Single
Handshake duration: 149.03 ms
     Attente  ... 
   Arrêt du serveur et des dégradations...

****************
  -> KEM: p256_mlkem512

    Exécution du serveur Docker...
serveur
client
dabcacdb9a8596260bd7b45407f34f8f8aeb4edd803f6223d5b93261b6ca87d5
    Recherche de l'IP.. 
    IP..  172.18.0.2
   ↳ tc serveur: delay=35ms loss=2%
    Exécution du client Docker... 172.18.0.2
99b43a671919f845582e21d66eb77447b3b2bd36a9744e20cc23ac7a8fc53f6c
client
     Docker client executed ... 
   ↳ Pumba client: delay=35ms loss=2%

**************************
     Exécution du test  ... 
  -> Pumba: application des regles tc sur loss
  ⚠ Erreur lors de l'application des regles tc sur loss
  ✅ Regles tc appliquees sur loss
  -> Pumba: application des regles tc sur client
Checking netem rules on eth0...
qdisc noqueue 0: root refcnt 2 
 Sent 0 bytes 0 pkt (dropped 0, overlimits 0 requeues 0) 
 backlog 0b 0p requeues 0
Running ./perftestClientTlsQuic.sh with SIG_ALG=ed25519 and KEM_ALG=p256_mlkem512
Execution 1 - TLS Single
Handshake duration: 211.42 ms
Execution 2 - TLS Single
  ✅ Regles tc appliquees sur client
Handshake duration: 245.75 ms
Execution 3 - TLS Single
Handshake duration: 149.95 ms
Execution 4 - TLS Single
Handshake duration: 569.45 ms
Execution 5 - TLS Single
Handshake duration: 151.61 ms
Execution 6 - TLS Single
Execution 6 - TIMEOUT
Execution 7 - TLS Single
